<?xml version="1.0" encoding="UTF-8" ?>
<testsuite failures="1" time="0.322" errors="0" skipped="0" tests="1" name="net.juancarlosfernandez.helloworld.concordion.FeatureTest">
  <properties>
[...]
</properties>
  <testcase time="0.221" classname="net.juancarlosfernandez.helloworld.concordion.FeatureTest" name="[Concordion Specification for &apos;Feature&apos;]">
    <failure message="Specification has failure(s). See output HTML for details." type="java.lang.AssertionError">java.lang.AssertionError: Specification has failure(s). See output HTML for details.
	at org.concordion.internal.FixtureState$3.assertIsSatisfied(FixtureState.java:60)
	at org.concordion.internal.SummarizingResultRecorder.assertIsSatisfied(SummarizingResultRecorder.java:27)
	at org.concordion.internal.FixtureRunner.run(FixtureRunner.java:17)
	at org.concordion.integration.junit4.ConcordionRunner$1.evaluate(ConcordionRunner.java:113)
	at org.junit.runners.BlockJUnit4ClassRunner.runNotIgnored(BlockJUnit4ClassRunner.java:79)
	at org.junit.runners.BlockJUnit4ClassRunner.runChild(BlockJUnit4ClassRunner.java:71)
	at org.concordion.integration.junit4.ConcordionRunner.runChild(ConcordionRunner.java:104)
	at org.concordion.integration.junit4.ConcordionRunner.runChild(ConcordionRunner.java:18)
	at org.junit.runners.ParentRunner$3.run(ParentRunner.java:193)
	at org.junit.runners.ParentRunner$1.schedule(ParentRunner.java:52)
	at org.junit.runners.ParentRunner.runChildren(ParentRunner.java:191)
	at org.junit.runners.ParentRunner.access$000(ParentRunner.java:42)
	at org.junit.runners.ParentRunner$2.evaluate(ParentRunner.java:184)
	at org.junit.runners.ParentRunner.run(ParentRunner.java:236)
	at org.apache.maven.surefire.junit4.JUnit4TestSet.execute(JUnit4TestSet.java:59)
	at org.apache.maven.surefire.suite.AbstractDirectoryTestSuite.executeTestSet(AbstractDirectoryTestSuite.java:115)
	at org.apache.maven.surefire.suite.AbstractDirectoryTestSuite.execute(AbstractDirectoryTestSuite.java:102)
	at org.apache.maven.surefire.Surefire.run(Surefire.java:180)
	at sun.reflect.NativeMethodAccessorImpl.invoke0(Native Method)
	at sun.reflect.NativeMethodAccessorImpl.invoke(NativeMethodAccessorImpl.java:39)
	at sun.reflect.DelegatingMethodAccessorImpl.invoke(DelegatingMethodAccessorImpl.java:25)
	at java.lang.reflect.Method.invoke(Method.java:597)
	at org.apache.maven.surefire.booter.SurefireBooter.runSuitesInProcess(SurefireBooter.java:350)
	at org.apache.maven.surefire.booter.SurefireBooter.main(SurefireBooter.java:1021)
</failure>
    <system-out>/opt/dev/jkHelloWorld/concordion/target/concordion/net/juancarlosfernandez/helloworld/concordion/Feature.html
Successes: 0, Failures: 1

</system-out>
  </testcase>
</testsuite>